<?xml version="1.0" encoding="UTF-8"?>
<!-- Generated by org.testng.reporters.JUnitXMLReporter -->
<testsuite hostname="P0106-Win10-VS" name="Test" tests="1" failures="1" timestamp="3 Apr 2019 18:51:29 GMT" time="5.763" errors="0">
  <testcase name="SoapTest" time="5.745" classname="SOAP.testRunner">
    <failure type="java.lang.AssertionError" message="expected [FINISHED] but found [FINISHED]">
      <![CDATA[java.lang.AssertionError: expected [FINISHED] but found [FINISHED]
	at SOAP.testRunner.SoapTest(testRunner.java:29)
... Removed 29 stack frames]]>
    </failure>
  </testcase> <!-- SoapTest -->
</testsuite> <!-- Test -->
